INFO [2025-06-20 12:33:52] $x
INFO [2025-06-20 12:33:52] venn_data
INFO [2025-06-20 12:33:52] 
INFO [2025-06-20 12:33:52] $category.names
INFO [2025-06-20 12:33:52] c("Healthy", "ME/CFS")
INFO [2025-06-20 12:33:52] 
INFO [2025-06-20 12:33:52] $filename
INFO [2025-06-20 12:33:52] NULL
INFO [2025-06-20 12:33:52] 
INFO [2025-06-20 12:33:52] $output
INFO [2025-06-20 12:33:52] [1] TRUE
INFO [2025-06-20 12:33:52] 
INFO [2025-06-20 12:33:52] $imagetype
INFO [2025-06-20 12:33:52] [1] "png"
INFO [2025-06-20 12:33:52] 
INFO [2025-06-20 12:33:52] $height
INFO [2025-06-20 12:33:52] [1] 480
INFO [2025-06-20 12:33:52] 
INFO [2025-06-20 12:33:52] $width
INFO [2025-06-20 12:33:52] [1] 480
INFO [2025-06-20 12:33:52] 
INFO [2025-06-20 12:33:52] $resolution
INFO [2025-06-20 12:33:52] [1] 300
INFO [2025-06-20 12:33:52] 
INFO [2025-06-20 12:33:52] $compression
INFO [2025-06-20 12:33:52] [1] "lzw"
INFO [2025-06-20 12:33:52] 
INFO [2025-06-20 12:33:52] $lwd
INFO [2025-06-20 12:33:52] [1] 2
INFO [2025-06-20 12:33:52] 
INFO [2025-06-20 12:33:52] $lty
INFO [2025-06-20 12:33:52] [1] "blank"
INFO [2025-06-20 12:33:52] 
INFO [2025-06-20 12:33:52] $fill
INFO [2025-06-20 12:33:52] c("#440154FF", "#21908CFF")
INFO [2025-06-20 12:33:52] 
INFO [2025-06-20 12:33:52] $cex
INFO [2025-06-20 12:33:52] [1] 1.5
INFO [2025-06-20 12:33:52] 
INFO [2025-06-20 12:33:52] $fontface
INFO [2025-06-20 12:33:52] [1] "bold"
INFO [2025-06-20 12:33:52] 
INFO [2025-06-20 12:33:52] $fontfamily
INFO [2025-06-20 12:33:52] [1] "sans"
INFO [2025-06-20 12:33:52] 
INFO [2025-06-20 12:33:52] $cat.cex
INFO [2025-06-20 12:33:52] [1] 1.2
INFO [2025-06-20 12:33:52] 
INFO [2025-06-20 12:33:52] $cat.fontface
INFO [2025-06-20 12:33:52] [1] "bold"
INFO [2025-06-20 12:33:52] 
INFO [2025-06-20 12:33:52] $cat.default.pos
INFO [2025-06-20 12:33:52] [1] "outer"
INFO [2025-06-20 12:33:52] 
INFO [2025-06-20 12:33:52] $cat.pos
INFO [2025-06-20 12:33:52] c(-27, 27)
INFO [2025-06-20 12:33:52] 
INFO [2025-06-20 12:33:52] $cat.dist
INFO [2025-06-20 12:33:52] c(0.055, 0.055)
INFO [2025-06-20 12:33:52] 
INFO [2025-06-20 12:33:52] $cat.fontfamily
INFO [2025-06-20 12:33:52] [1] "sans"
INFO [2025-06-20 12:33:52] 
INFO [2025-06-20 12:33:52] $rotation
INFO [2025-06-20 12:33:52] [1] 1
INFO [2025-06-20 12:33:52] 
